[0918/130221:ERROR:process_info.cc(608)] range at 0xfffde000, size 0x230 fully unreadable
[0918/130221:ERROR:process_reader_win.cc(233)] ReadMemory at 0x747d0000 of 64 bytes failed: Запрос ReadProcessMemory или WriteProcessMemory был выполнен только частично. (0x12B)
[0918/130221:WARNING:pe_image_reader.cc(281)] could not read dos header from C:\Windows\system32\WINMM.dll
[0918/130221:ERROR:process_reader_win.cc(233)] ReadMemory at 0x757c0000 of 64 bytes failed: Запрос ReadProcessMemory или WriteProcessMemory был выполнен только частично. (0x12B)
[0918/130221:WARNING:pe_image_reader.cc(281)] could not read dos header from C:\Windows\syswow64\profapi.dll
[0918/130221:ERROR:process_reader_win.cc(233)] ReadMemory at 0x75a30000 of 64 bytes failed: Запрос ReadProcessMemory или WriteProcessMemory был выполнен только частично. (0x12B)
[0918/130221:WARNING:pe_image_reader.cc(281)] could not read dos header from C:\Windows\syswow64\USERENV.dll
[0918/130221:ERROR:process_reader_win.cc(233)] ReadMemory at 0x71f00000 of 64 bytes failed: Запрос ReadProcessMemory или WriteProcessMemory был выполнен только частично. (0x12B)
[0918/130221:WARNING:pe_image_reader.cc(281)] could not read dos header from C:\Windows\system32\WTSAPI32.dll
[0918/130221:ERROR:process_reader_win.cc(233)] ReadMemory at 0x6eb60000 of 64 bytes failed: Запрос ReadProcessMemory или WriteProcessMemory был выполнен только частично. (0x12B)
[0918/130221:WARNING:pe_image_reader.cc(281)] could not read dos header from C:\Windows\system32\webio.dll
[0918/130221:ERROR:process_reader_win.cc(233)] ReadMemory at 0x6ebd0000 of 64 bytes failed: Запрос ReadProcessMemory или WriteProcessMemory был выполнен только частично. (0x12B)
[0918/130221:WARNING:pe_image_reader.cc(281)] could not read dos header from C:\Windows\system32\WINHTTP.dll
[0918/130221:ERROR:process_reader_win.cc(233)] ReadMemory at 0x748e0000 of 64 bytes failed: Запрос ReadProcessMemory или WriteProcessMemory был выполнен только частично. (0x12B)
[0918/130221:WARNING:pe_image_reader.cc(281)] could not read dos header from C:\Windows\system32\api-ms-win-core-synch-l1-2-0.DLL
[0918/130221:ERROR:process_reader_win.cc(233)] ReadMemory at 0x757e0000 of 64 bytes failed: Запрос ReadProcessMemory или WriteProcessMemory был выполнен только частично. (0x12B)
[0918/130221:WARNING:pe_image_reader.cc(281)] could not read dos header from C:\Windows\syswow64\MSCTF.dll
[0918/130221:ERROR:process_reader_win.cc(233)] ReadMemory at 0x758b0000 of 64 bytes failed: Запрос ReadProcessMemory или WriteProcessMemory был выполнен только частично. (0x12B)
[0918/130221:WARNING:pe_image_reader.cc(281)] could not read dos header from C:\Windows\system32\IMM32.DLL
[0918/130221:ERROR:process_reader_win.cc(233)] ReadMemory at 0x750f0000 of 64 bytes failed: Запрос ReadProcessMemory или WriteProcessMemory был выполнен только частично. (0x12B)
[0918/130221:WARNING:pe_image_reader.cc(281)] could not read dos header from C:\Windows\SysWOW64\nvinit.dll
[0918/130221:ERROR:process_reader_win.cc(233)] ReadMemory at 0x6e7f0000 of 64 bytes failed: Запрос ReadProcessMemory или WriteProcessMemory был выполнен только частично. (0x12B)
[0918/130221:WARNING:pe_image_reader.cc(281)] could not read dos header from C:\Program Files (x86)\NVIDIA Corporation\CoProcManager\detoured.dll
[0918/130221:ERROR:process_reader_win.cc(233)] ReadMemory at 0x773a0000 of 64 bytes failed: Запрос ReadProcessMemory или WriteProcessMemory был выполнен только частично. (0x12B)
[0918/130221:WARNING:pe_image_reader.cc(281)] could not read dos header from C:\Windows\syswow64\CFGMGR32.dll
[0918/130221:ERROR:process_reader_win.cc(233)] ReadMemory at 0x76f50000 of 64 bytes failed: Запрос ReadProcessMemory или WriteProcessMemory был выполнен только частично. (0x12B)
[0918/130221:WARNING:pe_image_reader.cc(281)] could not read dos header from C:\Windows\syswow64\ole32.dll
[0918/130221:ERROR:process_reader_win.cc(233)] ReadMemory at 0x75b60000 of 64 bytes failed: Запрос ReadProcessMemory или WriteProcessMemory был выполнен только частично. (0x12B)
[0918/130221:WARNING:pe_image_reader.cc(281)] could not read dos header from C:\Windows\syswow64\OLEAUT32.dll
[0918/130221:ERROR:process_reader_win.cc(233)] ReadMemory at 0x76f30000 of 64 bytes failed: Запрос ReadProcessMemory или WriteProcessMemory был выполнен только частично. (0x12B)
[0918/130221:WARNING:pe_image_reader.cc(281)] could not read dos header from C:\Windows\syswow64\DEVOBJ.dll
[0918/130221:ERROR:process_reader_win.cc(233)] ReadMemory at 0x771f0000 of 64 bytes failed: Запрос ReadProcessMemory или WriteProcessMemory был выполнен только частично. (0x12B)
[0918/130221:WARNING:pe_image_reader.cc(281)] could not read dos header from C:\Windows\syswow64\SETUPAPI.dll
[0918/130221:ERROR:process_reader_win.cc(233)] ReadMemory at 0x6e7c0000 of 64 bytes failed: Запрос ReadProcessMemory или WriteProcessMemory был выполнен только частично. (0x12B)
[0918/130221:WARNING:pe_image_reader.cc(281)] could not read dos header from C:\Program Files (x86)\NVIDIA Corporation\CoProcManager\nvd3d9wrap.dll
[0918/130221:ERROR:process_reader_win.cc(233)] ReadMemory at 0x6e760000 of 64 bytes failed: Запрос ReadProcessMemory или WriteProcessMemory был выполнен только частично. (0x12B)
[0918/130221:WARNING:pe_image_reader.cc(281)] could not read dos header from C:\Program Files (x86)\NVIDIA Corporation\CoProcManager\nvdxgiwrap.dll
[0918/130221:ERROR:process_reader_win.cc(233)] ReadMemory at 0x755c0000 of 64 bytes failed: Запрос ReadProcessMemory или WriteProcessMemory был выполнен только частично. (0x12B)
[0918/130221:WARNING:pe_image_reader.cc(281)] could not read dos header from C:\Windows\syswow64\SHLWAPI.dll
[0918/130221:ERROR:process_reader_win.cc(233)] ReadMemory at 0x76270000 of 64 bytes failed: Запрос ReadProcessMemory или WriteProcessMemory был выполнен только частично. (0x12B)
[0918/130221:WARNING:pe_image_reader.cc(281)] could not read dos header from C:\Windows\syswow64\SHELL32.dll
[0918/130221:ERROR:process_reader_win.cc(233)] ReadMemory at 0x778c0000 of 64 bytes failed: Запрос ReadProcessMemory или WriteProcessMemory был выполнен только частично. (0x12B)
[0918/130221:WARNING:pe_image_reader.cc(281)] could not read dos header from C:\Windows\syswow64\PSAPI.DLL
[0918/130221:ERROR:process_reader_win.cc(233)] ReadMemory at 0x75130000 of 64 bytes failed: Запрос ReadProcessMemory или WriteProcessMemory был выполнен только частично. (0x12B)
[0918/130221:WARNING:pe_image_reader.cc(281)] could not read dos header from C:\Windows\system32\WINSPOOL.DRV
[0918/130221:ERROR:process_reader_win.cc(233)] ReadMemory at 0x74010000 of 64 bytes failed: Запрос ReadProcessMemory или WriteProcessMemory был выполнен только частично. (0x12B)
[0918/130221:WARNING:pe_image_reader.cc(281)] could not read dos header from C:\Windows\WinSxS\x86_microsoft.windows.common-controls_6595b64144ccf1df_6.0.7601.18837_none_41e855142bd5705d\COMCTL32.dll
[0918/130221:ERROR:process_reader_win.cc(233)] ReadMemory at 0x77470000 of 64 bytes failed: Запрос ReadProcessMemory или WriteProcessMemory был выполнен только частично. (0x12B)
[0918/130221:WARNING:pe_image_reader.cc(281)] could not read dos header from C:\Windows\syswow64\COMDLG32.dll
[0918/130221:ERROR:process_reader_win.cc(233)] ReadMemory at 0x75e40000 of 64 bytes failed: Запрос ReadProcessMemory или WriteProcessMemory был выполнен только частично. (0x12B)
[0918/130221:WARNING:pe_image_reader.cc(281)] could not read dos header from C:\Windows\syswow64\NSI.dll
[0918/130221:ERROR:process_reader_win.cc(233)] ReadMemory at 0x71f50000 of 64 bytes failed: Запрос ReadProcessMemory или WriteProcessMemory был выполнен только частично. (0x12B)
[0918/130221:WARNING:pe_image_reader.cc(281)] could not read dos header from C:\Windows\system32\WINNSI.DLL
[0918/130221:ERROR:process_reader_win.cc(233)] ReadMemory at 0x71f60000 of 64 bytes failed: Запрос ReadProcessMemory или WriteProcessMemory был выполнен только частично. (0x12B)
[0918/130221:WARNING:pe_image_reader.cc(281)] could not read dos header from C:\Windows\system32\IPHLPAPI.DLL
[0918/130221:ERROR:process_reader_win.cc(233)] ReadMemory at 0x76130000 of 64 bytes failed: Запрос ReadProcessMemory или WriteProcessMemory был выполнен только частично. (0x12B)
[0918/130221:WARNING:pe_image_reader.cc(281)] could not read dos header from C:\Windows\syswow64\WS2_32.dll
[0918/130221:ERROR:process_reader_win.cc(233)] ReadMemory at 0x757d0000 of 64 bytes failed: Запрос ReadProcessMemory или WriteProcessMemory был выполнен только частично. (0x12B)
[0918/130221:WARNING:pe_image_reader.cc(281)] could not read dos header from C:\Windows\syswow64\MSASN1.dll
[0918/130221:ERROR:process_reader_win.cc(233)] ReadMemory at 0x770b0000 of 64 bytes failed: Запрос ReadProcessMemory или WriteProcessMemory был выполнен только частично. (0x12B)
[0918/130221:WARNING:pe_image_reader.cc(281)] could not read dos header from C:\Windows\syswow64\CRYPT32.dll
[0918/130221:ERROR:process_reader_win.cc(233)] ReadMemory at 0x76f00000 of 64 bytes failed: Запрос ReadProcessMemory или WriteProcessMemory был выполнен только частично. (0x12B)
[0918/130221:WARNING:pe_image_reader.cc(281)] could not read dos header from C:\Windows\syswow64\WINTRUST.dll
[0918/130221:ERROR:process_reader_win.cc(233)] ReadMemory at 0x74450000 of 64 bytes failed: Запрос ReadProcessMemory или WriteProcessMemory был выполнен только частично. (0x12B)
[0918/130221:WARNING:pe_image_reader.cc(281)] could not read dos header from C:\Windows\system32\Secur32.dll
[0918/130221:ERROR:process_reader_win.cc(233)] ReadMemory at 0x613c0000 of 64 bytes failed: Запрос ReadProcessMemory или WriteProcessMemory был выполнен только частично. (0x12B)
[0918/130221:WARNING:pe_image_reader.cc(281)] could not read dos header from C:\Program Files (x86)\Google\Chrome\Application\53.0.2785.116\chrome_child.dll
[0918/130221:ERROR:process_reader_win.cc(233)] ReadMemory at 0x69670000 of 64 bytes failed: Запрос ReadProcessMemory или WriteProcessMemory был выполнен только частично. (0x12B)
[0918/130221:WARNING:pe_image_reader.cc(281)] could not read dos header from C:\Windows\system32\dwrite.dll
[0918/130221:ERROR:process_info.cc(608)] range at 0xfffdd000, size 0xf84 fully unreadable
[0918/130221:ERROR:process_info.cc(608)] range at 0xfffda000, size 0xf84 fully unreadable
[0918/130221:ERROR:process_info.cc(608)] range at 0xfffd7000, size 0xf84 fully unreadable
[0918/130221:ERROR:process_info.cc(608)] range at 0xfffaf000, size 0xf84 fully unreadable
[0918/130221:ERROR:process_info.cc(608)] range at 0xfffac000, size 0xf84 fully unreadable
[0918/130221:ERROR:process_info.cc(608)] range at 0xfffa9000, size 0xf84 fully unreadable
[0918/130221:ERROR:process_info.cc(608)] range at 0xfffa6000, size 0xf84 fully unreadable
[0918/130221:ERROR:process_info.cc(608)] range at 0xfffa3000, size 0xf84 fully unreadable
[0918/130221:ERROR:process_info.cc(608)] range at 0xfffa0000, size 0xf84 fully unreadable
[0918/130221:ERROR:process_info.cc(608)] range at 0xfff9d000, size 0xf84 fully unreadable
[0918/130221:ERROR:process_info.cc(608)] range at 0xfff9a000, size 0xf84 fully unreadable
[0918/130221:ERROR:process_info.cc(608)] range at 0xfff97000, size 0xf84 fully unreadable
[0918/130221:ERROR:process_info.cc(608)] range at 0xfff91000, size 0xf84 fully unreadable
[0918/130221:ERROR:process_info.cc(608)] range at 0xfff94000, size 0xf84 fully unreadable
[0918/130221:ERROR:process_reader_win.cc(233)] ReadMemory at 0x950000 of 64 bytes failed: Запрос ReadProcessMemory или WriteProcessMemory был выполнен только частично. (0x12B)
[0918/130221:WARNING:pe_image_reader.cc(281)] could not read dos header from C:\Program Files (x86)\Google\Chrome\Application\chrome.exe
[0918/130221:ERROR:process_reader_win.cc(233)] ReadMemory at 0x778f0000 of 64 bytes failed: Запрос ReadProcessMemory или WriteProcessMemory был выполнен только частично. (0x12B)
[0918/130221:WARNING:pe_image_reader.cc(281)] could not read dos header from C:\Windows\SysWOW64\ntdll.dll
[0918/130221:ERROR:process_reader_win.cc(233)] ReadMemory at 0x759e0000 of 64 bytes failed: Запрос ReadProcessMemory или WriteProcessMemory был выполнен только частично. (0x12B)
[0918/130221:WARNING:pe_image_reader.cc(281)] could not read dos header from C:\Windows\syswow64\KERNELBASE.dll
[0918/130221:ERROR:process_reader_win.cc(233)] ReadMemory at 0x75a50000 of 64 bytes failed: Запрос ReadProcessMemory или WriteProcessMemory был выполнен только частично. (0x12B)
[0918/130221:WARNING:pe_image_reader.cc(281)] could not read dos header from C:\Windows\syswow64\kernel32.dll
[0918/130221:ERROR:process_reader_win.cc(233)] ReadMemory at 0x76060000 of 64 bytes failed: Запрос ReadProcessMemory или WriteProcessMemory был выполнен только частично. (0x12B)
[0918/130221:WARNING:pe_image_reader.cc(281)] could not read dos header from C:\Windows\syswow64\msvcrt.dll
[0918/130221:ERROR:process_reader_win.cc(233)] ReadMemory at 0x75260000 of 64 bytes failed: Запрос ReadProcessMemory или WriteProcessMemory был выполнен только частично. (0x12B)
[0918/130221:WARNING:pe_image_reader.cc(281)] could not read dos header from C:\Windows\syswow64\CRYPTBASE.dll
[0918/130221:ERROR:process_reader_win.cc(233)] ReadMemory at 0x75270000 of 64 bytes failed: Запрос ReadProcessMemory или WriteProcessMemory был выполнен только частично. (0x12B)
[0918/130221:WARNING:pe_image_reader.cc(281)] could not read dos header from C:\Windows\syswow64\SspiCli.dll
[0918/130221:ERROR:process_reader_win.cc(233)] ReadMemory at 0x75ee0000 of 64 bytes failed: Запрос ReadProcessMemory или WriteProcessMemory был выполнен только частично. (0x12B)
[0918/130221:WARNING:pe_image_reader.cc(281)] could not read dos header from C:\Windows\syswow64\RPCRT4.dll
[0918/130221:ERROR:process_reader_win.cc(233)] ReadMemory at 0x76110000 of 64 bytes failed: Запрос ReadProcessMemory или WriteProcessMemory был выполнен только частично. (0x12B)
[0918/130221:WARNING:pe_image_reader.cc(281)] could not read dos header from C:\Windows\SysWOW64\sechost.dll
[0918/130221:ERROR:process_reader_win.cc(233)] ReadMemory at 0x773d0000 of 64 bytes failed: Запрос ReadProcessMemory или WriteProcessMemory был выполнен только частично. (0x12B)
[0918/130221:WARNING:pe_image_reader.cc(281)] could not read dos header from C:\Windows\syswow64\ADVAPI32.dll
[0918/130221:ERROR:process_reader_win.cc(233)] ReadMemory at 0x75040000 of 64 bytes failed: Запрос ReadProcessMemory или WriteProcessMemory был выполнен только частично. (0x12B)
[0918/130221:WARNING:pe_image_reader.cc(281)] could not read dos header from C:\Program Files (x86)\Google\Chrome\Application\53.0.2785.116\chrome_elf.dll
[0918/130221:ERROR:process_reader_win.cc(233)] ReadMemory at 0x75190000 of 64 bytes failed: Запрос ReadProcessMemory или WriteProcessMemory был выполнен только частично. (0x12B)
[0918/130221:WARNING:pe_image_reader.cc(281)] could not read dos header from C:\Windows\system32\VERSION.dll
[0918/130221:ERROR:process_reader_win.cc(233)] ReadMemory at 0x752d0000 of 64 bytes failed: Запрос ReadProcessMemory или WriteProcessMemory был выполнен только частично. (0x12B)
[0918/130221:WARNING:pe_image_reader.cc(281)] could not read dos header from C:\Windows\syswow64\USP10.dll
[0918/130221:ERROR:process_reader_win.cc(233)] ReadMemory at 0x77390000 of 64 bytes failed: Запрос ReadProcessMemory или WriteProcessMemory был выполнен только частично. (0x12B)
[0918/130221:WARNING:pe_image_reader.cc(281)] could not read dos header from C:\Windows\syswow64\LPK.dll
[0918/130221:ERROR:process_reader_win.cc(233)] ReadMemory at 0x75910000 of 64 bytes failed: Запрос ReadProcessMemory или WriteProcessMemory был выполнен только частично. (0x12B)
[0918/130221:WARNING:pe_image_reader.cc(281)] could not read dos header from C:\Windows\syswow64\GDI32.dll
[0918/130221:ERROR:process_reader_win.cc(233)] ReadMemory at 0x76170000 of 64 bytes failed: Запрос ReadProcessMemory или WriteProcessMemory был выполнен только частично. (0x12B)
[0918/130221:WARNING:pe_image_reader.cc(281)] could not read dos header from C:\Windows\syswow64\USER32.dll
[0918/130221:ERROR:process_reader_win.cc(233)] ReadMemory at 0x747d0000 of 64 bytes failed: Запрос ReadProcessMemory или WriteProcessMemory был выполнен только частично. (0x12B)
[0918/130221:WARNING:pe_image_reader.cc(281)] could not read dos header from C:\Windows\system32\WINMM.dll
[0918/130221:ERROR:process_reader_win.cc(233)] ReadMemory at 0x757c0000 of 64 bytes failed: Запрос ReadProcessMemory или WriteProcessMemory был выполнен только частично. (0x12B)
[0918/130221:WARNING:pe_image_reader.cc(281)] could not read dos header from C:\Windows\syswow64\profapi.dll
[0918/130221:ERROR:process_reader_win.cc(233)] ReadMemory at 0x75a30000 of 64 bytes failed: Запрос ReadProcessMemory или WriteProcessMemory был выполнен только частично. (0x12B)
[0918/130221:WARNING:pe_image_reader.cc(281)] could not read dos header from C:\Windows\syswow64\USERENV.dll
[0918/130221:ERROR:process_reader_win.cc(233)] ReadMemory at 0x71f00000 of 64 bytes failed: Запрос ReadProcessMemory или WriteProcessMemory был выполнен только частично. (0x12B)
[0918/130221:WARNING:pe_image_reader.cc(281)] could not read dos header from C:\Windows\system32\WTSAPI32.dll
[0918/130221:ERROR:process_reader_win.cc(233)] ReadMemory at 0x6eb60000 of 64 bytes failed: Запрос ReadProcessMemory или WriteProcessMemory был выполнен только частично. (0x12B)
[0918/130221:WARNING:pe_image_reader.cc(281)] could not read dos header from C:\Windows\system32\webio.dll
[0918/130221:ERROR:process_reader_win.cc(233)] ReadMemory at 0x6ebd0000 of 64 bytes failed: Запрос ReadProcessMemory или WriteProcessMemory был выполнен только частично. (0x12B)
[0918/130221:WARNING:pe_image_reader.cc(281)] could not read dos header from C:\Windows\system32\WINHTTP.dll
[0918/130221:ERROR:process_reader_win.cc(233)] ReadMemory at 0x748e0000 of 64 bytes failed: Запрос ReadProcessMemory или WriteProcessMemory был выполнен только частично. (0x12B)
[0918/130221:WARNING:pe_image_reader.cc(281)] could not read dos header from C:\Windows\system32\api-ms-win-core-synch-l1-2-0.DLL
[0918/130221:ERROR:process_reader_win.cc(233)] ReadMemory at 0x757e0000 of 64 bytes failed: Запрос ReadProcessMemory или WriteProcessMemory был выполнен только частично. (0x12B)
[0918/130221:WARNING:pe_image_reader.cc(281)] could not read dos header from C:\Windows\syswow64\MSCTF.dll
[0918/130221:ERROR:process_reader_win.cc(233)] ReadMemory at 0x758b0000 of 64 bytes failed: Запрос ReadProcessMemory или WriteProcessMemory был выполнен только частично. (0x12B)
[0918/130221:WARNING:pe_image_reader.cc(281)] could not read dos header from C:\Windows\system32\IMM32.DLL
[0918/130221:ERROR:process_reader_win.cc(233)] ReadMemory at 0x750f0000 of 64 bytes failed: Запрос ReadProcessMemory или WriteProcessMemory был выполнен только частично. (0x12B)
[0918/130221:WARNING:pe_image_reader.cc(281)] could not read dos header from C:\Windows\SysWOW64\nvinit.dll
[0918/130221:ERROR:process_reader_win.cc(233)] ReadMemory at 0x6e7f0000 of 64 bytes failed: Запрос ReadProcessMemory или WriteProcessMemory был выполнен только частично. (0x12B)
[0918/130221:WARNING:pe_image_reader.cc(281)] could not read dos header from C:\Program Files (x86)\NVIDIA Corporation\CoProcManager\detoured.dll
[0918/130221:ERROR:process_reader_win.cc(233)] ReadMemory at 0x773a0000 of 64 bytes failed: Запрос ReadProcessMemory или WriteProcessMemory был выполнен только частично. (0x12B)
[0918/130221:WARNING:pe_image_reader.cc(281)] could not read dos header from C:\Windows\syswow64\CFGMGR32.dll
[0918/130221:ERROR:process_reader_win.cc(233)] ReadMemory at 0x76f50000 of 64 bytes failed: Запрос ReadProcessMemory или WriteProcessMemory был выполнен только частично. (0x12B)
[0918/130221:WARNING:pe_image_reader.cc(281)] could not read dos header from C:\Windows\syswow64\ole32.dll
[0918/130221:ERROR:process_reader_win.cc(233)] ReadMemory at 0x75b60000 of 64 bytes failed: Запрос ReadProcessMemory или WriteProcessMemory был выполнен только частично. (0x12B)
[0918/130221:WARNING:pe_image_reader.cc(281)] could not read dos header from C:\Windows\syswow64\OLEAUT32.dll
[0918/130221:ERROR:process_reader_win.cc(233)] ReadMemory at 0x76f30000 of 64 bytes failed: Запрос ReadProcessMemory или WriteProcessMemory был выполнен только частично. (0x12B)
[0918/130221:WARNING:pe_image_reader.cc(281)] could not read dos header from C:\Windows\syswow64\DEVOBJ.dll
[0918/130221:ERROR:process_reader_win.cc(233)] ReadMemory at 0x771f0000 of 64 bytes failed: Запрос ReadProcessMemory или WriteProcessMemory был выполнен только частично. (0x12B)
[0918/130221:WARNING:pe_image_reader.cc(281)] could not read dos header from C:\Windows\syswow64\SETUPAPI.dll
[0918/130221:ERROR:process_reader_win.cc(233)] ReadMemory at 0x6e7c0000 of 64 bytes failed: Запрос ReadProcessMemory или WriteProcessMemory был выполнен только частично. (0x12B)
[0918/130221:WARNING:pe_image_reader.cc(281)] could not read dos header from C:\Program Files (x86)\NVIDIA Corporation\CoProcManager\nvd3d9wrap.dll
[0918/130221:ERROR:process_reader_win.cc(233)] ReadMemory at 0x6e760000 of 64 bytes failed: Запрос ReadProcessMemory или WriteProcessMemory был выполнен только частично. (0x12B)
[0918/130221:WARNING:pe_image_reader.cc(281)] could not read dos header from C:\Program Files (x86)\NVIDIA Corporation\CoProcManager\nvdxgiwrap.dll
[0918/130221:ERROR:process_reader_win.cc(233)] ReadMemory at 0x755c0000 of 64 bytes failed: Запрос ReadProcessMemory или WriteProcessMemory был выполнен только частично. (0x12B)
[0918/130221:WARNING:pe_image_reader.cc(281)] could not read dos header from C:\Windows\syswow64\SHLWAPI.dll
[0918/130221:ERROR:process_reader_win.cc(233)] ReadMemory at 0x76270000 of 64 bytes failed: Запрос ReadProcessMemory или WriteProcessMemory был выполнен только частично. (0x12B)
[0918/130221:WARNING:pe_image_reader.cc(281)] could not read dos header from C:\Windows\syswow64\SHELL32.dll
[0918/130221:ERROR:process_reader_win.cc(233)] ReadMemory at 0x778c0000 of 64 bytes failed: Запрос ReadProcessMemory или WriteProcessMemory был выполнен только частично. (0x12B)
[0918/130221:WARNING:pe_image_reader.cc(281)] could not read dos header from C:\Windows\syswow64\PSAPI.DLL
[0918/130221:ERROR:process_reader_win.cc(233)] ReadMemory at 0x75130000 of 64 bytes failed: Запрос ReadProcessMemory или WriteProcessMemory был выполнен только частично. (0x12B)
[0918/130221:WARNING:pe_image_reader.cc(281)] could not read dos header from C:\Windows\system32\WINSPOOL.DRV
[0918/130221:ERROR:process_reader_win.cc(233)] ReadMemory at 0x74010000 of 64 bytes failed: Запрос ReadProcessMemory или WriteProcessMemory был выполнен только частично. (0x12B)
[0918/130221:WARNING:pe_image_reader.cc(281)] could not read dos header from C:\Windows\WinSxS\x86_microsoft.windows.common-controls_6595b64144ccf1df_6.0.7601.18837_none_41e855142bd5705d\COMCTL32.dll
[0918/130221:ERROR:process_reader_win.cc(233)] ReadMemory at 0x77470000 of 64 bytes failed: Запрос ReadProcessMemory или WriteProcessMemory был выполнен только частично. (0x12B)
[0918/130221:WARNING:pe_image_reader.cc(281)] could not read dos header from C:\Windows\syswow64\COMDLG32.dll
[0918/130221:ERROR:process_reader_win.cc(233)] ReadMemory at 0x75e40000 of 64 bytes failed: Запрос ReadProcessMemory или WriteProcessMemory был выполнен только частично. (0x12B)
[0918/130221:WARNING:pe_image_reader.cc(281)] could not read dos header from C:\Windows\syswow64\NSI.dll
[0918/130221:ERROR:process_reader_win.cc(233)] ReadMemory at 0x71f50000 of 64 bytes failed: Запрос ReadProcessMemory или WriteProcessMemory был выполнен только частично. (0x12B)
[0918/130221:WARNING:pe_image_reader.cc(281)] could not read dos header from C:\Windows\system32\WINNSI.DLL
[0918/130221:ERROR:process_reader_win.cc(233)] ReadMemory at 0x71f60000 of 64 bytes failed: Запрос ReadProcessMemory или WriteProcessMemory был выполнен только частично. (0x12B)
[0918/130221:WARNING:pe_image_reader.cc(281)] could not read dos header from C:\Windows\system32\IPHLPAPI.DLL
[0918/130221:ERROR:process_reader_win.cc(233)] ReadMemory at 0x76130000 of 64 bytes failed: Запрос ReadProcessMemory или WriteProcessMemory был выполнен только частично. (0x12B)
[0918/130221:WARNING:pe_image_reader.cc(281)] could not read dos header from C:\Windows\syswow64\WS2_32.dll
[0918/130221:ERROR:process_reader_win.cc(233)] ReadMemory at 0x757d0000 of 64 bytes failed: Запрос ReadProcessMemory или WriteProcessMemory был выполнен только частично. (0x12B)
[0918/130221:WARNING:pe_image_reader.cc(281)] could not read dos header from C:\Windows\syswow64\MSASN1.dll
[0918/130221:ERROR:process_reader_win.cc(233)] ReadMemory at 0x770b0000 of 64 bytes failed: Запрос ReadProcessMemory или WriteProcessMemory был выполнен только частично. (0x12B)
[0918/130221:WARNING:pe_image_reader.cc(281)] could not read dos header from C:\Windows\syswow64\CRYPT32.dll
[0918/130221:ERROR:process_reader_win.cc(233)] ReadMemory at 0x76f00000 of 64 bytes failed: Запрос ReadProcessMemory или WriteProcessMemory был выполнен только частично. (0x12B)
[0918/130221:WARNING:pe_image_reader.cc(281)] could not read dos header from C:\Windows\syswow64\WINTRUST.dll
[0918/130221:ERROR:process_reader_win.cc(233)] ReadMemory at 0x74450000 of 64 bytes failed: Запрос ReadProcessMemory или WriteProcessMemory был выполнен только частично. (0x12B)
[0918/130221:WARNING:pe_image_reader.cc(281)] could not read dos header from C:\Windows\system32\Secur32.dll
[0918/130221:ERROR:process_reader_win.cc(233)] ReadMemory at 0x613c0000 of 64 bytes failed: Запрос ReadProcessMemory или WriteProcessMemory был выполнен только частично. (0x12B)
[0918/130221:WARNING:pe_image_reader.cc(281)] could not read dos header from C:\Program Files (x86)\Google\Chrome\Application\53.0.2785.116\chrome_child.dll
[0918/130221:ERROR:process_reader_win.cc(233)] ReadMemory at 0x69670000 of 64 bytes failed: Запрос ReadProcessMemory или WriteProcessMemory был выполнен только частично. (0x12B)
[0918/130221:WARNING:pe_image_reader.cc(281)] could not read dos header from C:\Windows\system32\dwrite.dll
[0918/130221:ERROR:process_reader_win.cc(233)] ReadMemory at 0x950000 of 64 bytes failed: Запрос ReadProcessMemory или WriteProcessMemory был выполнен только частично. (0x12B)
[0918/130221:WARNING:pe_image_reader.cc(281)] could not read dos header from C:\Program Files (x86)\Google\Chrome\Application\chrome.exe
[0918/130221:ERROR:process_reader_win.cc(233)] ReadMemory at 0x778f0000 of 64 bytes failed: Запрос ReadProcessMemory или WriteProcessMemory был выполнен только частично. (0x12B)
[0918/130221:WARNING:pe_image_reader.cc(281)] could not read dos header from C:\Windows\SysWOW64\ntdll.dll
[0918/130221:ERROR:process_reader_win.cc(233)] ReadMemory at 0x759e0000 of 64 bytes failed: Запрос ReadProcessMemory или WriteProcessMemory был выполнен только частично. (0x12B)
[0918/130221:WARNING:pe_image_reader.cc(281)] could not read dos header from C:\Windows\syswow64\KERNELBASE.dll
[0918/130221:ERROR:process_reader_win.cc(233)] ReadMemory at 0x75a50000 of 64 bytes failed: Запрос ReadProcessMemory или WriteProcessMemory был выполнен только частично. (0x12B)
[0918/130221:WARNING:pe_image_reader.cc(281)] could not read dos header from C:\Windows\syswow64\kernel32.dll
[0918/130221:ERROR:process_reader_win.cc(233)] ReadMemory at 0x76060000 of 64 bytes failed: Запрос ReadProcessMemory или WriteProcessMemory был выполнен только частично. (0x12B)
[0918/130221:WARNING:pe_image_reader.cc(281)] could not read dos header from C:\Windows\syswow64\msvcrt.dll
[0918/130221:ERROR:process_reader_win.cc(233)] ReadMemory at 0x75260000 of 64 bytes failed: Запрос ReadProcessMemory или WriteProcessMemory был выполнен только частично. (0x12B)
[0918/130221:WARNING:pe_image_reader.cc(281)] could not read dos header from C:\Windows\syswow64\CRYPTBASE.dll
[0918/130221:ERROR:process_reader_win.cc(233)] ReadMemory at 0x75270000 of 64 bytes failed: Запрос ReadProcessMemory или WriteProcessMemory был выполнен только частично. (0x12B)
[0918/130221:WARNING:pe_image_reader.cc(281)] could not read dos header from C:\Windows\syswow64\SspiCli.dll
[0918/130221:ERROR:process_reader_win.cc(233)] ReadMemory at 0x75ee0000 of 64 bytes failed: Запрос ReadProcessMemory или WriteProcessMemory был выполнен только частично. (0x12B)
[0918/130221:WARNING:pe_image_reader.cc(281)] could not read dos header from C:\Windows\syswow64\RPCRT4.dll
[0918/130221:ERROR:process_reader_win.cc(233)] ReadMemory at 0x76110000 of 64 bytes failed: Запрос ReadProcessMemory или WriteProcessMemory был выполнен только частично. (0x12B)
[0918/130221:WARNING:pe_image_reader.cc(281)] could not read dos header from C:\Windows\SysWOW64\sechost.dll
[0918/130221:ERROR:process_reader_win.cc(233)] ReadMemory at 0x773d0000 of 64 bytes failed: Запрос ReadProcessMemory или WriteProcessMemory был выполнен только частично. (0x12B)
[0918/130221:WARNING:pe_image_reader.cc(281)] could not read dos header from C:\Windows\syswow64\ADVAPI32.dll
[0918/130221:ERROR:process_reader_win.cc(233)] ReadMemory at 0x75040000 of 64 bytes failed: Запрос ReadProcessMemory или WriteProcessMemory был выполнен только частично. (0x12B)
[0918/130221:WARNING:pe_image_reader.cc(281)] could not read dos header from C:\Program Files (x86)\Google\Chrome\Application\53.0.2785.116\chrome_elf.dll
[0918/130221:ERROR:process_reader_win.cc(233)] ReadMemory at 0x75190000 of 64 bytes failed: Запрос ReadProcessMemory или WriteProcessMemory был выполнен только частично. (0x12B)
[0918/130221:WARNING:pe_image_reader.cc(281)] could not read dos header from C:\Windows\system32\VERSION.dll
[0918/130221:ERROR:process_reader_win.cc(233)] ReadMemory at 0x752d0000 of 64 bytes failed: Запрос ReadProcessMemory или WriteProcessMemory был выполнен только частично. (0x12B)
[0918/130221:WARNING:pe_image_reader.cc(281)] could not read dos header from C:\Windows\syswow64\USP10.dll
[0918/130221:ERROR:process_reader_win.cc(233)] ReadMemory at 0x77390000 of 64 bytes failed: Запрос ReadProcessMemory или WriteProcessMemory был выполнен только частично. (0x12B)
[0918/130221:WARNING:pe_image_reader.cc(281)] could not read dos header from C:\Windows\syswow64\LPK.dll
[0918/130221:ERROR:process_reader_win.cc(233)] ReadMemory at 0x75910000 of 64 bytes failed: Запрос ReadProcessMemory или WriteProcessMemory был выполнен только частично. (0x12B)
[0918/130221:WARNING:pe_image_reader.cc(281)] could not read dos header from C:\Windows\syswow64\GDI32.dll
[0918/130221:ERROR:process_reader_win.cc(233)] ReadMemory at 0x76170000 of 64 bytes failed: Запрос ReadProcessMemory или WriteProcessMemory был выполнен только частично. (0x12B)
[0918/130221:WARNING:pe_image_reader.cc(281)] could not read dos header from C:\Windows\syswow64\USER32.dll
[0918/130221:ERROR:process_reader_win.cc(233)] ReadMemory at 0x747d0000 of 64 bytes failed: Запрос ReadProcessMemory или WriteProcessMemory был выполнен только частично. (0x12B)
[0918/130221:WARNING:pe_image_reader.cc(281)] could not read dos header from C:\Windows\system32\WINMM.dll
[0918/130221:ERROR:process_reader_win.cc(233)] ReadMemory at 0x757c0000 of 64 bytes failed: Запрос ReadProcessMemory или WriteProcessMemory был выполнен только частично. (0x12B)
[0918/130221:WARNING:pe_image_reader.cc(281)] could not read dos header from C:\Windows\syswow64\profapi.dll
[0918/130221:ERROR:process_reader_win.cc(233)] ReadMemory at 0x75a30000 of 64 bytes failed: Запрос ReadProcessMemory или WriteProcessMemory был выполнен только частично. (0x12B)
[0918/130221:WARNING:pe_image_reader.cc(281)] could not read dos header from C:\Windows\syswow64\USERENV.dll
[0918/130221:ERROR:process_reader_win.cc(233)] ReadMemory at 0x71f00000 of 64 bytes failed: Запрос ReadProcessMemory или WriteProcessMemory был выполнен только частично. (0x12B)
[0918/130221:WARNING:pe_image_reader.cc(281)] could not read dos header from C:\Windows\system32\WTSAPI32.dll
[0918/130221:ERROR:process_reader_win.cc(233)] ReadMemory at 0x6eb60000 of 64 bytes failed: Запрос ReadProcessMemory или WriteProcessMemory был выполнен только частично. (0x12B)
[0918/130221:WARNING:pe_image_reader.cc(281)] could not read dos header from C:\Windows\system32\webio.dll
[0918/130221:ERROR:process_reader_win.cc(233)] ReadMemory at 0x6ebd0000 of 64 bytes failed: Запрос ReadProcessMemory или WriteProcessMemory был выполнен только частично. (0x12B)
[0918/130221:WARNING:pe_image_reader.cc(281)] could not read dos header from C:\Windows\system32\WINHTTP.dll
[0918/130221:ERROR:process_reader_win.cc(233)] ReadMemory at 0x748e0000 of 64 bytes failed: Запрос ReadProcessMemory или WriteProcessMemory был выполнен только частично. (0x12B)
[0918/130221:WARNING:pe_image_reader.cc(281)] could not read dos header from C:\Windows\system32\api-ms-win-core-synch-l1-2-0.DLL
[0918/130221:ERROR:process_reader_win.cc(233)] ReadMemory at 0x757e0000 of 64 bytes failed: Запрос ReadProcessMemory или WriteProcessMemory был выполнен только частично. (0x12B)
[0918/130221:WARNING:pe_image_reader.cc(281)] could not read dos header from C:\Windows\syswow64\MSCTF.dll
[0918/130221:ERROR:process_reader_win.cc(233)] ReadMemory at 0x758b0000 of 64 bytes failed: Запрос ReadProcessMemory или WriteProcessMemory был выполнен только частично. (0x12B)
[0918/130221:WARNING:pe_image_reader.cc(281)] could not read dos header from C:\Windows\system32\IMM32.DLL
[0918/130221:ERROR:process_reader_win.cc(233)] ReadMemory at 0x750f0000 of 64 bytes failed: Запрос ReadProcessMemory или WriteProcessMemory был выполнен только частично. (0x12B)
[0918/130221:WARNING:pe_image_reader.cc(281)] could not read dos header from C:\Windows\SysWOW64\nvinit.dll
[0918/130221:ERROR:process_reader_win.cc(233)] ReadMemory at 0x6e7f0000 of 64 bytes failed: Запрос ReadProcessMemory или WriteProcessMemory был выполнен только частично. (0x12B)
[0918/130221:WARNING:pe_image_reader.cc(281)] could not read dos header from C:\Program Files (x86)\NVIDIA Corporation\CoProcManager\detoured.dll
[0918/130221:ERROR:process_reader_win.cc(233)] ReadMemory at 0x773a0000 of 64 bytes failed: Запрос ReadProcessMemory или WriteProcessMemory был выполнен только частично. (0x12B)
[0918/130221:WARNING:pe_image_reader.cc(281)] could not read dos header from C:\Windows\syswow64\CFGMGR32.dll
[0918/130221:ERROR:process_reader_win.cc(233)] ReadMemory at 0x76f50000 of 64 bytes failed: Запрос ReadProcessMemory или WriteProcessMemory был выполнен только частично. (0x12B)
[0918/130221:WARNING:pe_image_reader.cc(281)] could not read dos header from C:\Windows\syswow64\ole32.dll
[0918/130221:ERROR:process_reader_win.cc(233)] ReadMemory at 0x75b60000 of 64 bytes failed: Запрос ReadProcessMemory или WriteProcessMemory был выполнен только частично. (0x12B)
[0918/130221:WARNING:pe_image_reader.cc(281)] could not read dos header from C:\Windows\syswow64\OLEAUT32.dll
[0918/130221:ERROR:process_reader_win.cc(233)] ReadMemory at 0x76f30000 of 64 bytes failed: Запрос ReadProcessMemory или WriteProcessMemory был выполнен только частично. (0x12B)
[0918/130221:WARNING:pe_image_reader.cc(281)] could not read dos header from C:\Windows\syswow64\DEVOBJ.dll
[0918/130221:ERROR:process_reader_win.cc(233)] ReadMemory at 0x771f0000 of 64 bytes failed: Запрос ReadProcessMemory или WriteProcessMemory был выполнен только частично. (0x12B)
[0918/130221:WARNING:pe_image_reader.cc(281)] could not read dos header from C:\Windows\syswow64\SETUPAPI.dll
[0918/130221:ERROR:process_reader_win.cc(233)] ReadMemory at 0x6e7c0000 of 64 bytes failed: Запрос ReadProcessMemory или WriteProcessMemory был выполнен только частично. (0x12B)
[0918/130221:WARNING:pe_image_reader.cc(281)] could not read dos header from C:\Program Files (x86)\NVIDIA Corporation\CoProcManager\nvd3d9wrap.dll
[0918/130221:ERROR:process_reader_win.cc(233)] ReadMemory at 0x6e760000 of 64 bytes failed: Запрос ReadProcessMemory или WriteProcessMemory был выполнен только частично. (0x12B)
[0918/130221:WARNING:pe_image_reader.cc(281)] could not read dos header from C:\Program Files (x86)\NVIDIA Corporation\CoProcManager\nvdxgiwrap.dll
[0918/130221:ERROR:process_reader_win.cc(233)] ReadMemory at 0x755c0000 of 64 bytes failed: Запрос ReadProcessMemory или WriteProcessMemory был выполнен только частично. (0x12B)
[0918/130221:WARNING:pe_image_reader.cc(281)] could not read dos header from C:\Windows\syswow64\SHLWAPI.dll
[0918/130221:ERROR:process_reader_win.cc(233)] ReadMemory at 0x76270000 of 64 bytes failed: Запрос ReadProcessMemory или WriteProcessMemory был выполнен только частично. (0x12B)
[0918/130221:WARNING:pe_image_reader.cc(281)] could not read dos header from C:\Windows\syswow64\SHELL32.dll
[0918/130221:ERROR:process_reader_win.cc(233)] ReadMemory at 0x778c0000 of 64 bytes failed: Запрос ReadProcessMemory или WriteProcessMemory был выполнен только частично. (0x12B)
[0918/130221:WARNING:pe_image_reader.cc(281)] could not read dos header from C:\Windows\syswow64\PSAPI.DLL
[0918/130221:ERROR:process_reader_win.cc(233)] ReadMemory at 0x75130000 of 64 bytes failed: Запрос ReadProcessMemory или WriteProcessMemory был выполнен только частично. (0x12B)
[0918/130221:WARNING:pe_image_reader.cc(281)] could not read dos header from C:\Windows\system32\WINSPOOL.DRV
[0918/130221:ERROR:process_reader_win.cc(233)] ReadMemory at 0x74010000 of 64 bytes failed: Запрос ReadProcessMemory или WriteProcessMemory был выполнен только частично. (0x12B)
[0918/130221:WARNING:pe_image_reader.cc(281)] could not read dos header from C:\Windows\WinSxS\x86_microsoft.windows.common-controls_6595b64144ccf1df_6.0.7601.18837_none_41e855142bd5705d\COMCTL32.dll
[0918/130221:ERROR:process_reader_win.cc(233)] ReadMemory at 0x77470000 of 64 bytes failed: Запрос ReadProcessMemory или WriteProcessMemory был выполнен только частично. (0x12B)
[0918/130221:WARNING:pe_image_reader.cc(281)] could not read dos header from C:\Windows\syswow64\COMDLG32.dll
[0918/130221:ERROR:process_reader_win.cc(233)] ReadMemory at 0x75e40000 of 64 bytes failed: Запрос ReadProcessMemory или WriteProcessMemory был выполнен только частично. (0x12B)
[0918/130221:WARNING:pe_image_reader.cc(281)] could not read dos header from C:\Windows\syswow64\NSI.dll
[0918/130221:ERROR:process_reader_win.cc(233)] ReadMemory at 0x71f50000 of 64 bytes failed: Запрос ReadProcessMemory или WriteProcessMemory был выполнен только частично. (0x12B)
[0918/130221:WARNING:pe_image_reader.cc(281)] could not read dos header from C:\Windows\system32\WINNSI.DLL
[0918/130221:ERROR:process_reader_win.cc(233)] ReadMemory at 0x71f60000 of 64 bytes failed: Запрос ReadProcessMemory или WriteProcessMemory был выполнен только частично. (0x12B)
[0918/130221:WARNING:pe_image_reader.cc(281)] could not read dos header from C:\Windows\system32\IPHLPAPI.DLL
[0918/130221:ERROR:process_reader_win.cc(233)] ReadMemory at 0x76130000 of 64 bytes failed: Запрос ReadProcessMemory или WriteProcessMemory был выполнен только частично. (0x12B)
[0918/130221:WARNING:pe_image_reader.cc(281)] could not read dos header from C:\Windows\syswow64\WS2_32.dll
[0918/130221:ERROR:process_reader_win.cc(233)] ReadMemory at 0x757d0000 of 64 bytes failed: Запрос ReadProcessMemory или WriteProcessMemory был выполнен только частично. (0x12B)
[0918/130221:WARNING:pe_image_reader.cc(281)] could not read dos header from C:\Windows\syswow64\MSASN1.dll
[0918/130221:ERROR:process_reader_win.cc(233)] ReadMemory at 0x770b0000 of 64 bytes failed: Запрос ReadProcessMemory или WriteProcessMemory был выполнен только частично. (0x12B)
[0918/130221:WARNING:pe_image_reader.cc(281)] could not read dos header from C:\Windows\syswow64\CRYPT32.dll
[0918/130221:ERROR:process_reader_win.cc(233)] ReadMemory at 0x76f00000 of 64 bytes failed: Запрос ReadProcessMemory или WriteProcessMemory был выполнен только частично. (0x12B)
[0918/130221:WARNING:pe_image_reader.cc(281)] could not read dos header from C:\Windows\syswow64\WINTRUST.dll
[0918/130221:ERROR:process_reader_win.cc(233)] ReadMemory at 0x74450000 of 64 bytes failed: Запрос ReadProcessMemory или WriteProcessMemory был выполнен только частично. (0x12B)
[0918/130221:WARNING:pe_image_reader.cc(281)] could not read dos header from C:\Windows\system32\Secur32.dll
[0918/130221:ERROR:process_reader_win.cc(233)] ReadMemory at 0x613c0000 of 64 bytes failed: Запрос ReadProcessMemory или WriteProcessMemory был выполнен только частично. (0x12B)
[0918/130221:WARNING:pe_image_reader.cc(281)] could not read dos header from C:\Program Files (x86)\Google\Chrome\Application\53.0.2785.116\chrome_child.dll
[0918/130221:ERROR:process_reader_win.cc(233)] ReadMemory at 0x69670000 of 64 bytes failed: Запрос ReadProcessMemory или WriteProcessMemory был выполнен только частично. (0x12B)
[0918/130221:WARNING:pe_image_reader.cc(281)] could not read dos header from C:\Windows\system32\dwrite.dll
[0918/130221:ERROR:process_reader_win.cc(233)] ReadMemory at 0x950000 of 64 bytes failed: Запрос ReadProcessMemory или WriteProcessMemory был выполнен только частично. (0x12B)
[0918/130221:WARNING:pe_image_reader.cc(281)] could not read dos header from C:\Program Files (x86)\Google\Chrome\Application\chrome.exe
[0918/130221:ERROR:process_reader_win.cc(233)] ReadMemory at 0x778f0000 of 64 bytes failed: Запрос ReadProcessMemory или WriteProcessMemory был выполнен только частично. (0x12B)
[0918/130221:WARNING:pe_image_reader.cc(281)] could not read dos header from C:\Windows\SysWOW64\ntdll.dll
[0918/130221:ERROR:process_reader_win.cc(233)] ReadMemory at 0x759e0000 of 64 bytes failed: Запрос ReadProcessMemory или WriteProcessMemory был выполнен только частично. (0x12B)
[0918/130221:WARNING:pe_image_reader.cc(281)] could not read dos header from C:\Windows\syswow64\KERNELBASE.dll
[0918/130221:ERROR:process_reader_win.cc(233)] ReadMemory at 0x75a50000 of 64 bytes failed: Запрос ReadProcessMemory или WriteProcessMemory был выполнен только частично. (0x12B)
[0918/130221:WARNING:pe_image_reader.cc(281)] could not read dos header from C:\Windows\syswow64\kernel32.dll
[0918/130221:ERROR:process_reader_win.cc(233)] ReadMemory at 0x76060000 of 64 bytes failed: Запрос ReadProcessMemory или WriteProcessMemory был выполнен только частично. (0x12B)
[0918/130221:WARNING:pe_image_reader.cc(281)] could not read dos header from C:\Windows\syswow64\msvcrt.dll
[0918/130221:ERROR:process_reader_win.cc(233)] ReadMemory at 0x75260000 of 64 bytes failed: Запрос ReadProcessMemory или WriteProcessMemory был выполнен только частично. (0x12B)
[0918/130221:WARNING:pe_image_reader.cc(281)] could not read dos header from C:\Windows\syswow64\CRYPTBASE.dll
[0918/130221:ERROR:process_reader_win.cc(233)] ReadMemory at 0x75270000 of 64 bytes failed: Запрос ReadProcessMemory или WriteProcessMemory был выполнен только частично. (0x12B)
[0918/130221:WARNING:pe_image_reader.cc(281)] could not read dos header from C:\Windows\syswow64\SspiCli.dll
[0918/130221:ERROR:process_reader_win.cc(233)] ReadMemory at 0x75ee0000 of 64 bytes failed: Запрос ReadProcessMemory или WriteProcessMemory был выполнен только частично. (0x12B)
[0918/130221:WARNING:pe_image_reader.cc(281)] could not read dos header from C:\Windows\syswow64\RPCRT4.dll
[0918/130221:ERROR:process_reader_win.cc(233)] ReadMemory at 0x76110000 of 64 bytes failed: Запрос ReadProcessMemory или WriteProcessMemory был выполнен только частично. (0x12B)
[0918/130221:WARNING:pe_image_reader.cc(281)] could not read dos header from C:\Windows\SysWOW64\sechost.dll
[0918/130221:ERROR:process_reader_win.cc(233)] ReadMemory at 0x773d0000 of 64 bytes failed: Запрос ReadProcessMemory или WriteProcessMemory был выполнен только частично. (0x12B)
[0918/130221:WARNING:pe_image_reader.cc(281)] could not read dos header from C:\Windows\syswow64\ADVAPI32.dll
[0918/130221:ERROR:process_reader_win.cc(233)] ReadMemory at 0x75040000 of 64 bytes failed: Запрос ReadProcessMemory или WriteProcessMemory был выполнен только частично. (0x12B)
[0918/130221:WARNING:pe_image_reader.cc(281)] could not read dos header from C:\Program Files (x86)\Google\Chrome\Application\53.0.2785.116\chrome_elf.dll
[0918/130221:ERROR:process_reader_win.cc(233)] ReadMemory at 0x75190000 of 64 bytes failed: Запрос ReadProcessMemory или WriteProcessMemory был выполнен только частично. (0x12B)
[0918/130221:WARNING:pe_image_reader.cc(281)] could not read dos header from C:\Windows\system32\VERSION.dll
[0918/130221:ERROR:process_reader_win.cc(233)] ReadMemory at 0x752d0000 of 64 bytes failed: Запрос ReadProcessMemory или WriteProcessMemory был выполнен только частично. (0x12B)
[0918/130221:WARNING:pe_image_reader.cc(281)] could not read dos header from C:\Windows\syswow64\USP10.dll
[0918/130221:ERROR:process_reader_win.cc(233)] ReadMemory at 0x77390000 of 64 bytes failed: Запрос ReadProcessMemory или WriteProcessMemory был выполнен только частично. (0x12B)
[0918/130221:WARNING:pe_image_reader.cc(281)] could not read dos header from C:\Windows\syswow64\LPK.dll
[0918/130221:ERROR:process_reader_win.cc(233)] ReadMemory at 0x75910000 of 64 bytes failed: Запрос ReadProcessMemory или WriteProcessMemory был выполнен только частично. (0x12B)
[0918/130221:WARNING:pe_image_reader.cc(281)] could not read dos header from C:\Windows\syswow64\GDI32.dll
[0918/130221:ERROR:process_reader_win.cc(233)] ReadMemory at 0x76170000 of 64 bytes failed: Запрос ReadProcessMemory или WriteProcessMemory был выполнен только частично. (0x12B)
[0918/130221:WARNING:pe_image_reader.cc(281)] could not read dos header from C:\Windows\syswow64\USER32.dll
[0918/130221:ERROR:process_reader_win.cc(233)] ReadMemory at 0x747d0000 of 64 bytes failed: Запрос ReadProcessMemory или WriteProcessMemory был выполнен только частично. (0x12B)
[0918/130221:WARNING:pe_image_reader.cc(281)] could not read dos header from C:\Windows\system32\WINMM.dll
[0918/130221:ERROR:process_reader_win.cc(233)] ReadMemory at 0x757c0000 of 64 bytes failed: Запрос ReadProcessMemory или WriteProcessMemory был выполнен только частично. (0x12B)
[0918/130221:WARNING:pe_image_reader.cc(281)] could not read dos header from C:\Windows\syswow64\profapi.dll
[0918/130221:ERROR:process_reader_win.cc(233)] ReadMemory at 0x75a30000 of 64 bytes failed: Запрос ReadProcessMemory или WriteProcessMemory был выполнен только частично. (0x12B)
[0918/130221:WARNING:pe_image_reader.cc(281)] could not read dos header from C:\Windows\syswow64\USERENV.dll
[0918/130221:ERROR:process_reader_win.cc(233)] ReadMemory at 0x71f00000 of 64 bytes failed: Запрос ReadProcessMemory или WriteProcessMemory был выполнен только частично. (0x12B)
[0918/130221:WARNING:pe_image_reader.cc(281)] could not read dos header from C:\Windows\system32\WTSAPI32.dll
[0918/130221:ERROR:process_reader_win.cc(233)] ReadMemory at 0x6eb60000 of 64 bytes failed: Запрос ReadProcessMemory или WriteProcessMemory был выполнен только частично. (0x12B)
[0918/130221:WARNING:pe_image_reader.cc(281)] could not read dos header from C:\Windows\system32\webio.dll
[0918/130221:ERROR:process_reader_win.cc(233)] ReadMemory at 0x6ebd0000 of 64 bytes failed: Запрос ReadProcessMemory или WriteProcessMemory был выполнен только частично. (0x12B)
[0918/130221:WARNING:pe_image_reader.cc(281)] could not read dos header from C:\Windows\system32\WINHTTP.dll
[0918/130221:ERROR:process_reader_win.cc(233)] ReadMemory at 0x748e0000 of 64 bytes failed: Запрос ReadProcessMemory или WriteProcessMemory был выполнен только частично. (0x12B)
[0918/130221:WARNING:pe_image_reader.cc(281)] could not read dos header from C:\Windows\system32\api-ms-win-core-synch-l1-2-0.DLL
[0918/130221:ERROR:process_reader_win.cc(233)] ReadMemory at 0x757e0000 of 64 bytes failed: Запрос ReadProcessMemory или WriteProcessMemory был выполнен только частично. (0x12B)
[0918/130221:WARNING:pe_image_reader.cc(281)] could not read dos header from C:\Windows\syswow64\MSCTF.dll
[0918/130221:ERROR:process_reader_win.cc(233)] ReadMemory at 0x758b0000 of 64 bytes failed: Запрос ReadProcessMemory или WriteProcessMemory был выполнен только частично. (0x12B)
[0918/130221:WARNING:pe_image_reader.cc(281)] could not read dos header from C:\Windows\system32\IMM32.DLL
[0918/130221:ERROR:process_reader_win.cc(233)] ReadMemory at 0x750f0000 of 64 bytes failed: Запрос ReadProcessMemory или WriteProcessMemory был выполнен только частично. (0x12B)
[0918/130221:WARNING:pe_image_reader.cc(281)] could not read dos header from C:\Windows\SysWOW64\nvinit.dll
[0918/130221:ERROR:process_reader_win.cc(233)] ReadMemory at 0x6e7f0000 of 64 bytes failed: Запрос ReadProcessMemory или WriteProcessMemory был выполнен только частично. (0x12B)
[0918/130221:WARNING:pe_image_reader.cc(281)] could not read dos header from C:\Program Files (x86)\NVIDIA Corporation\CoProcManager\detoured.dll
[0918/130221:ERROR:process_reader_win.cc(233)] ReadMemory at 0x773a0000 of 64 bytes failed: Запрос ReadProcessMemory или WriteProcessMemory был выполнен только частично. (0x12B)
[0918/130221:WARNING:pe_image_reader.cc(281)] could not read dos header from C:\Windows\syswow64\CFGMGR32.dll
[0918/130221:ERROR:process_reader_win.cc(233)] ReadMemory at 0x76f50000 of 64 bytes failed: Запрос ReadProcessMemory или WriteProcessMemory был выполнен только частично. (0x12B)
[0918/130221:WARNING:pe_image_reader.cc(281)] could not read dos header from C:\Windows\syswow64\ole32.dll
[0918/130221:ERROR:process_reader_win.cc(233)] ReadMemory at 0x75b60000 of 64 bytes failed: Запрос ReadProcessMemory или WriteProcessMemory был выполнен только частично. (0x12B)
[0918/130221:WARNING:pe_image_reader.cc(281)] could not read dos header from C:\Windows\syswow64\OLEAUT32.dll
[0918/130221:ERROR:process_reader_win.cc(233)] ReadMemory at 0x76f30000 of 64 bytes failed: Запрос ReadProcessMemory или WriteProcessMemory был выполнен только частично. (0x12B)
[0918/130221:WARNING:pe_image_reader.cc(281)] could not read dos header from C:\Windows\syswow64\DEVOBJ.dll
[0918/130221:ERROR:process_reader_win.cc(233)] ReadMemory at 0x771f0000 of 64 bytes failed: Запрос ReadProcessMemory или WriteProcessMemory был выполнен только частично. (0x12B)
[0918/130221:WARNING:pe_image_reader.cc(281)] could not read dos header from C:\Windows\syswow64\SETUPAPI.dll
[0918/130221:ERROR:process_reader_win.cc(233)] ReadMemory at 0x6e7c0000 of 64 bytes failed: Запрос ReadProcessMemory или WriteProcessMemory был выполнен только частично. (0x12B)
[0918/130221:WARNING:pe_image_reader.cc(281)] could not read dos header from C:\Program Files (x86)\NVIDIA Corporation\CoProcManager\nvd3d9wrap.dll
[0918/130221:ERROR:process_reader_win.cc(233)] ReadMemory at 0x6e760000 of 64 bytes failed: Запрос ReadProcessMemory или WriteProcessMemory был выполнен только частично. (0x12B)
[0918/130221:WARNING:pe_image_reader.cc(281)] could not read dos header from C:\Program Files (x86)\NVIDIA Corporation\CoProcManager\nvdxgiwrap.dll
[0918/130221:ERROR:process_reader_win.cc(233)] ReadMemory at 0x755c0000 of 64 bytes failed: Запрос ReadProcessMemory или WriteProcessMemory был выполнен только частично. (0x12B)
[0918/130221:WARNING:pe_image_reader.cc(281)] could not read dos header from C:\Windows\syswow64\SHLWAPI.dll
[0918/130221:ERROR:process_reader_win.cc(233)] ReadMemory at 0x76270000 of 64 bytes failed: Запрос ReadProcessMemory или WriteProcessMemory был выполнен только частично. (0x12B)
[0918/130221:WARNING:pe_image_reader.cc(281)] could not read dos header from C:\Windows\syswow64\SHELL32.dll
[0918/130221:ERROR:process_reader_win.cc(233)] ReadMemory at 0x778c0000 of 64 bytes failed: Запрос ReadProcessMemory или WriteProcessMemory был выполнен только частично. (0x12B)
[0918/130221:WARNING:pe_image_reader.cc(281)] could not read dos header from C:\Windows\syswow64\PSAPI.DLL
[0918/130221:ERROR:process_reader_win.cc(233)] ReadMemory at 0x75130000 of 64 bytes failed: Запрос ReadProcessMemory или WriteProcessMemory был выполнен только частично. (0x12B)
[0918/130221:WARNING:pe_image_reader.cc(281)] could not read dos header from C:\Windows\system32\WINSPOOL.DRV
[0918/130221:ERROR:process_reader_win.cc(233)] ReadMemory at 0x74010000 of 64 bytes failed: Запрос ReadProcessMemory или WriteProcessMemory был выполнен только частично. (0x12B)
[0918/130221:WARNING:pe_image_reader.cc(281)] could not read dos header from C:\Windows\WinSxS\x86_microsoft.windows.common-controls_6595b64144ccf1df_6.0.7601.18837_none_41e855142bd5705d\COMCTL32.dll
[0918/130221:ERROR:process_reader_win.cc(233)] ReadMemory at 0x77470000 of 64 bytes failed: Запрос ReadProcessMemory или WriteProcessMemory был выполнен только частично. (0x12B)
[0918/130221:WARNING:pe_image_reader.cc(281)] could not read dos header from C:\Windows\syswow64\COMDLG32.dll
[0918/130221:ERROR:process_reader_win.cc(233)] ReadMemory at 0x75e40000 of 64 bytes failed: Запрос ReadProcessMemory или WriteProcessMemory был выполнен только частично. (0x12B)
[0918/130221:WARNING:pe_image_reader.cc(281)] could not read dos header from C:\Windows\syswow64\NSI.dll
[0918/130221:ERROR:process_reader_win.cc(233)] ReadMemory at 0x71f50000 of 64 bytes failed: Запрос ReadProcessMemory или WriteProcessMemory был выполнен только частично. (0x12B)
[0918/130221:WARNING:pe_image_reader.cc(281)] could not read dos header from C:\Windows\system32\WINNSI.DLL
[0918/130221:ERROR:process_reader_win.cc(233)] ReadMemory at 0x71f60000 of 64 bytes failed: Запрос ReadProcessMemory или WriteProcessMemory был выполнен только частично. (0x12B)
[0918/130221:WARNING:pe_image_reader.cc(281)] could not read dos header from C:\Windows\system32\IPHLPAPI.DLL
[0918/130221:ERROR:process_reader_win.cc(233)] ReadMemory at 0x76130000 of 64 bytes failed: Запрос ReadProcessMemory или WriteProcessMemory был выполнен только частично. (0x12B)
[0918/130221:WARNING:pe_image_reader.cc(281)] could not read dos header from C:\Windows\syswow64\WS2_32.dll
[0918/130221:ERROR:process_reader_win.cc(233)] ReadMemory at 0x757d0000 of 64 bytes failed: Запрос ReadProcessMemory или WriteProcessMemory был выполнен только частично. (0x12B)
[0918/130221:WARNING:pe_image_reader.cc(281)] could not read dos header from C:\Windows\syswow64\MSASN1.dll
[0918/130221:ERROR:process_reader_win.cc(233)] ReadMemory at 0x770b0000 of 64 bytes failed: Запрос ReadProcessMemory или WriteProcessMemory был выполнен только частично. (0x12B)
[0918/130221:WARNING:pe_image_reader.cc(281)] could not read dos header from C:\Windows\syswow64\CRYPT32.dll
[0918/130221:ERROR:process_reader_win.cc(233)] ReadMemory at 0x76f00000 of 64 bytes failed: Запрос ReadProcessMemory или WriteProcessMemory был выполнен только частично. (0x12B)
[0918/130221:WARNING:pe_image_reader.cc(281)] could not read dos header from C:\Windows\syswow64\WINTRUST.dll
[0918/130221:ERROR:process_reader_win.cc(233)] ReadMemory at 0x74450000 of 64 bytes failed: Запрос ReadProcessMemory или WriteProcessMemory был выполнен только частично. (0x12B)
[0918/130221:WARNING:pe_image_reader.cc(281)] could not read dos header from C:\Windows\system32\Secur32.dll
[0918/130221:ERROR:process_reader_win.cc(233)] ReadMemory at 0x613c0000 of 64 bytes failed: Запрос ReadProcessMemory или WriteProcessMemory был выполнен только частично. (0x12B)
[0918/130221:WARNING:pe_image_reader.cc(281)] could not read dos header from C:\Program Files (x86)\Google\Chrome\Application\53.0.2785.116\chrome_child.dll
[0918/130221:ERROR:process_reader_win.cc(233)] ReadMemory at 0x69670000 of 64 bytes failed: Запрос ReadProcessMemory или WriteProcessMemory был выполнен только частично. (0x12B)
[0918/130221:WARNING:pe_image_reader.cc(281)] could not read dos header from C:\Windows\system32\dwrite.dll
[0918/130221:ERROR:process_reader_win.cc(233)] ReadMemory at 0x950000 of 64 bytes failed: Запрос ReadProcessMemory или WriteProcessMemory был выполнен только частично. (0x12B)
[0918/130221:WARNING:pe_image_reader.cc(281)] could not read dos header from C:\Program Files (x86)\Google\Chrome\Application\chrome.exe
[0918/130221:ERROR:process_reader_win.cc(233)] ReadMemory at 0x778f0000 of 64 bytes failed: Запрос ReadProcessMemory или WriteProcessMemory был выполнен только частично. (0x12B)
[0918/130221:WARNING:pe_image_reader.cc(281)] could not read dos header from C:\Windows\SysWOW64\ntdll.dll
[0918/130221:ERROR:process_reader_win.cc(233)] ReadMemory at 0x759e0000 of 64 bytes failed: Запрос ReadProcessMemory или WriteProcessMemory был выполнен только частично. (0x12B)
[0918/130221:WARNING:pe_image_reader.cc(281)] could not read dos header from C:\Windows\syswow64\KERNELBASE.dll
[0918/130221:ERROR:process_reader_win.cc(233)] ReadMemory at 0x75a50000 of 64 bytes failed: Запрос ReadProcessMemory или WriteProcessMemory был выполнен только частично. (0x12B)
[0918/130221:WARNING:pe_image_reader.cc(281)] could not read dos header from C:\Windows\syswow64\kernel32.dll
[0918/130221:ERROR:process_reader_win.cc(233)] ReadMemory at 0x76060000 of 64 bytes failed: Запрос ReadProcessMemory или WriteProcessMemory был выполнен только частично. (0x12B)
[0918/130221:WARNING:pe_image_reader.cc(281)] could not read dos header from C:\Windows\syswow64\msvcrt.dll
[0918/130221:ERROR:process_reader_win.cc(233)] ReadMemory at 0x75260000 of 64 bytes failed: Запрос ReadProcessMemory или WriteProcessMemory был выполнен только частично. (0x12B)
[0918/130221:WARNING:pe_image_reader.cc(281)] could not read dos header from C:\Windows\syswow64\CRYPTBASE.dll
[0918/130221:ERROR:process_reader_win.cc(233)] ReadMemory at 0x75270000 of 64 bytes failed: Запрос ReadProcessMemory или WriteProcessMemory был выполнен только частично. (0x12B)
[0918/130221:WARNING:pe_image_reader.cc(281)] could not read dos header from C:\Windows\syswow64\SspiCli.dll
[0918/130221:ERROR:process_reader_win.cc(233)] ReadMemory at 0x75ee0000 of 64 bytes failed: Запрос ReadProcessMemory или WriteProcessMemory был выполнен только частично. (0x12B)
[0918/130221:WARNING:pe_image_reader.cc(281)] could not read dos header from C:\Windows\syswow64\RPCRT4.dll
[0918/130221:ERROR:process_reader_win.cc(233)] ReadMemory at 0x76110000 of 64 bytes failed: Запрос ReadProcessMemory или WriteProcessMemory был выполнен только частично. (0x12B)
[0918/130221:WARNING:pe_image_reader.cc(281)] could not read dos header from C:\Windows\SysWOW64\sechost.dll
[0918/130221:ERROR:process_reader_win.cc(233)] ReadMemory at 0x773d0000 of 64 bytes failed: Запрос ReadProcessMemory или WriteProcessMemory был выполнен только частично. (0x12B)
[0918/130221:WARNING:pe_image_reader.cc(281)] could not read dos header from C:\Windows\syswow64\ADVAPI32.dll
[0918/130221:ERROR:process_reader_win.cc(233)] ReadMemory at 0x75040000 of 64 bytes failed: Запрос ReadProcessMemory или WriteProcessMemory был выполнен только частично. (0x12B)
[0918/130221:WARNING:pe_image_reader.cc(281)] could not read dos header from C:\Program Files (x86)\Google\Chrome\Application\53.0.2785.116\chrome_elf.dll
[0918/130221:ERROR:process_reader_win.cc(233)] ReadMemory at 0x75190000 of 64 bytes failed: Запрос ReadProcessMemory или WriteProcessMemory был выполнен только частично. (0x12B)
[0918/130221:WARNING:pe_image_reader.cc(281)] could not read dos header from C:\Windows\system32\VERSION.dll
[0918/130221:ERROR:process_reader_win.cc(233)] ReadMemory at 0x752d0000 of 64 bytes failed: Запрос ReadProcessMemory или WriteProcessMemory был выполнен только частично. (0x12B)
[0918/130221:WARNING:pe_image_reader.cc(281)] could not read dos header from C:\Windows\syswow64\USP10.dll
[0918/130221:ERROR:process_reader_win.cc(233)] ReadMemory at 0x77390000 of 64 bytes failed: Запрос ReadProcessMemory или WriteProcessMemory был выполнен только частично. (0x12B)
[0918/130221:WARNING:pe_image_reader.cc(281)] could not read dos header from C:\Windows\syswow64\LPK.dll
[0918/130221:ERROR:process_reader_win.cc(233)] ReadMemory at 0x75910000 of 64 bytes failed: Запрос ReadProcessMemory или WriteProcessMemory был выполнен только частично. (0x12B)
[0918/130221:WARNING:pe_image_reader.cc(281)] could not read dos header from C:\Windows\syswow64\GDI32.dll
[0918/130221:ERROR:process_reader_win.cc(233)] ReadMemory at 0x76170000 of 64 bytes failed: Запрос ReadProcessMemory или WriteProcessMemory был выполнен только частично. (0x12B)
[0918/130221:WARNING:pe_image_reader.cc(281)] could not read dos header from C:\Windows\syswow64\USER32.dll
[0918/130221:ERROR:process_reader_win.cc(233)] ReadMemory at 0x747d0000 of 64 bytes failed: Запрос ReadProcessMemory или WriteProcessMemory был выполнен только частично. (0x12B)
[0918/130221:WARNING:pe_image_reader.cc(281)] could not read dos header from C:\Windows\system32\WINMM.dll
[0918/130221:ERROR:process_reader_win.cc(233)] ReadMemory at 0x757c0000 of 64 bytes failed: Запрос ReadProcessMemory или WriteProcessMemory был выполнен только частично. (0x12B)
[0918/130221:WARNING:pe_image_reader.cc(281)] could not read dos header from C:\Windows\syswow64\profapi.dll
[0918/130221:ERROR:process_reader_win.cc(233)] ReadMemory at 0x75a30000 of 64 bytes failed: Запрос ReadProcessMemory или WriteProcessMemory был выполнен только частично. (0x12B)
[0918/130221:WARNING:pe_image_reader.cc(281)] could not read dos header from C:\Windows\syswow64\USERENV.dll
[0918/130221:ERROR:process_reader_win.cc(233)] ReadMemory at 0x71f00000 of 64 bytes failed: Запрос ReadProcessMemory или WriteProcessMemory был выполнен только частично. (0x12B)
[0918/130221:WARNING:pe_image_reader.cc(281)] could not read dos header from C:\Windows\system32\WTSAPI32.dll
[0918/130221:ERROR:process_reader_win.cc(233)] ReadMemory at 0x6eb60000 of 64 bytes failed: Запрос ReadProcessMemory или WriteProcessMemory был выполнен только частично. (0x12B)
[0918/130221:WARNING:pe_image_reader.cc(281)] could not read dos header from C:\Windows\system32\webio.dll
[0918/130221:ERROR:process_reader_win.cc(233)] ReadMemory at 0x6ebd0000 of 64 bytes failed: Запрос ReadProcessMemory или WriteProcessMemory был выполнен только частично. (0x12B)
[0918/130221:WARNING:pe_image_reader.cc(281)] could not read dos header from C:\Windows\system32\WINHTTP.dll
[0918/130221:ERROR:process_reader_win.cc(233)] ReadMemory at 0x748e0000 of 64 bytes failed: Запрос ReadProcessMemory или WriteProcessMemory был выполнен только частично. (0x12B)
[0918/130221:WARNING:pe_image_reader.cc(281)] could not read dos header from C:\Windows\system32\api-ms-win-core-synch-l1-2-0.DLL
[0918/130221:ERROR:process_reader_win.cc(233)] ReadMemory at 0x757e0000 of 64 bytes failed: Запрос ReadProcessMemory или WriteProcessMemory был выполнен только частично. (0x12B)
[0918/130221:WARNING:pe_image_reader.cc(281)] could not read dos header from C:\Windows\syswow64\MSCTF.dll
[0918/130221:ERROR:process_reader_win.cc(233)] ReadMemory at 0x758b0000 of 64 bytes failed: Запрос ReadProcessMemory или WriteProcessMemory был выполнен только частично. (0x12B)
[0918/130221:WARNING:pe_image_reader.cc(281)] could not read dos header from C:\Windows\system32\IMM32.DLL
[0918/130221:ERROR:process_reader_win.cc(233)] ReadMemory at 0x750f0000 of 64 bytes failed: Запрос ReadProcessMemory или WriteProcessMemory был выполнен только частично. (0x12B)
[0918/130221:WARNING:pe_image_reader.cc(281)] could not read dos header from C:\Windows\SysWOW64\nvinit.dll
[0918/130221:ERROR:process_reader_win.cc(233)] ReadMemory at 0x6e7f0000 of 64 bytes failed: Запрос ReadProcessMemory или WriteProcessMemory был выполнен только частично. (0x12B)
[0918/130221:WARNING:pe_image_reader.cc(281)] could not read dos header from C:\Program Files (x86)\NVIDIA Corporation\CoProcManager\detoured.dll
[0918/130221:ERROR:process_reader_win.cc(233)] ReadMemory at 0x773a0000 of 64 bytes failed: Запрос ReadProcessMemory или WriteProcessMemory был выполнен только частично. (0x12B)
[0918/130221:WARNING:pe_image_reader.cc(281)] could not read dos header from C:\Windows\syswow64\CFGMGR32.dll
[0918/130221:ERROR:process_reader_win.cc(233)] ReadMemory at 0x76f50000 of 64 bytes failed: Запрос ReadProcessMemory или WriteProcessMemory был выполнен только частично. (0x12B)
[0918/130221:WARNING:pe_image_reader.cc(281)] could not read dos header from C:\Windows\syswow64\ole32.dll
[0918/130221:ERROR:process_reader_win.cc(233)] ReadMemory at 0x75b60000 of 64 bytes failed: Запрос ReadProcessMemory или WriteProcessMemory был выполнен только частично. (0x12B)
[0918/130221:WARNING:pe_image_reader.cc(281)] could not read dos header from C:\Windows\syswow64\OLEAUT32.dll
[0918/130221:ERROR:process_reader_win.cc(233)] ReadMemory at 0x76f30000 of 64 bytes failed: Запрос ReadProcessMemory или WriteProcessMemory был выполнен только частично. (0x12B)
[0918/130221:WARNING:pe_image_reader.cc(281)] could not read dos header from C:\Windows\syswow64\DEVOBJ.dll
[0918/130221:ERROR:process_reader_win.cc(233)] ReadMemory at 0x771f0000 of 64 bytes failed: Запрос ReadProcessMemory или WriteProcessMemory был выполнен только частично. (0x12B)
[0918/130221:WARNING:pe_image_reader.cc(281)] could not read dos header from C:\Windows\syswow64\SETUPAPI.dll
[0918/130221:ERROR:process_reader_win.cc(233)] ReadMemory at 0x6e7c0000 of 64 bytes failed: Запрос ReadProcessMemory или WriteProcessMemory был выполнен только частично. (0x12B)
[0918/130221:WARNING:pe_image_reader.cc(281)] could not read dos header from C:\Program Files (x86)\NVIDIA Corporation\CoProcManager\nvd3d9wrap.dll
[0918/130221:ERROR:process_reader_win.cc(233)] ReadMemory at 0x6e760000 of 64 bytes failed: Запрос ReadProcessMemory или WriteProcessMemory был выполнен только частично. (0x12B)
[0918/130221:WARNING:pe_image_reader.cc(281)] could not read dos header from C:\Program Files (x86)\NVIDIA Corporation\CoProcManager\nvdxgiwrap.dll
[0918/130221:ERROR:process_reader_win.cc(233)] ReadMemory at 0x755c0000 of 64 bytes failed: Запрос ReadProcessMemory или WriteProcessMemory был выполнен только частично. (0x12B)
[0918/130221:WARNING:pe_image_reader.cc(281)] could not read dos header from C:\Windows\syswow64\SHLWAPI.dll
[0918/130221:ERROR:process_reader_win.cc(233)] ReadMemory at 0x76270000 of 64 bytes failed: Запрос ReadProcessMemory или WriteProcessMemory был выполнен только частично. (0x12B)
[0918/130221:WARNING:pe_image_reader.cc(281)] could not read dos header from C:\Windows\syswow64\SHELL32.dll
[0918/130221:ERROR:process_reader_win.cc(233)] ReadMemory at 0x778c0000 of 64 bytes failed: Запрос ReadProcessMemory или WriteProcessMemory был выполнен только частично. (0x12B)
[0918/130221:WARNING:pe_image_reader.cc(281)] could not read dos header from C:\Windows\syswow64\PSAPI.DLL
[0918/130221:ERROR:process_reader_win.cc(233)] ReadMemory at 0x75130000 of 64 bytes failed: Запрос ReadProcessMemory или WriteProcessMemory был выполнен только частично. (0x12B)
[0918/130221:WARNING:pe_image_reader.cc(281)] could not read dos header from C:\Windows\system32\WINSPOOL.DRV
[0918/130221:ERROR:process_reader_win.cc(233)] ReadMemory at 0x74010000 of 64 bytes failed: Запрос ReadProcessMemory или WriteProcessMemory был выполнен только частично. (0x12B)
[0918/130221:WARNING:pe_image_reader.cc(281)] could not read dos header from C:\Windows\WinSxS\x86_microsoft.windows.common-controls_6595b64144ccf1df_6.0.7601.18837_none_41e855142bd5705d\COMCTL32.dll
[0918/130221:ERROR:process_reader_win.cc(233)] ReadMemory at 0x77470000 of 64 bytes failed: Запрос ReadProcessMemory или WriteProcessMemory был выполнен только частично. (0x12B)
[0918/130221:WARNING:pe_image_reader.cc(281)] could not read dos header from C:\Windows\syswow64\COMDLG32.dll
[0918/130221:ERROR:process_reader_win.cc(233)] ReadMemory at 0x75e40000 of 64 bytes failed: Запрос ReadProcessMemory или WriteProcessMemory был выполнен только частично. (0x12B)
[0918/130221:WARNING:pe_image_reader.cc(281)] could not read dos header from C:\Windows\syswow64\NSI.dll
[0918/130221:ERROR:process_reader_win.cc(233)] ReadMemory at 0x71f50000 of 64 bytes failed: Запрос ReadProcessMemory или WriteProcessMemory был выполнен только частично. (0x12B)
[0918/130221:WARNING:pe_image_reader.cc(281)] could not read dos header from C:\Windows\system32\WINNSI.DLL
[0918/130221:ERROR:process_reader_win.cc(233)] ReadMemory at 0x71f60000 of 64 bytes failed: Запрос ReadProcessMemory или WriteProcessMemory был выполнен только частично. (0x12B)
[0918/130221:WARNING:pe_image_reader.cc(281)] could not read dos header from C:\Windows\system32\IPHLPAPI.DLL
[0918/130221:ERROR:process_reader_win.cc(233)] ReadMemory at 0x76130000 of 64 bytes failed: Запрос ReadProcessMemory или WriteProcessMemory был выполнен только частично. (0x12B)
[0918/130221:WARNING:pe_image_reader.cc(281)] could not read dos header from C:\Windows\syswow64\WS2_32.dll
[0918/130221:ERROR:process_reader_win.cc(233)] ReadMemory at 0x757d0000 of 64 bytes failed: Запрос ReadProcessMemory или WriteProcessMemory был выполнен только частично. (0x12B)
[0918/130221:WARNING:pe_image_reader.cc(281)] could not read dos header from C:\Windows\syswow64\MSASN1.dll
[0918/130221:ERROR:process_reader_win.cc(233)] ReadMemory at 0x770b0000 of 64 bytes failed: Запрос ReadProcessMemory или WriteProcessMemory был выполнен только частично. (0x12B)
[0918/130221:WARNING:pe_image_reader.cc(281)] could not read dos header from C:\Windows\syswow64\CRYPT32.dll
[0918/130221:ERROR:process_reader_win.cc(233)] ReadMemory at 0x76f00000 of 64 bytes failed: Запрос ReadProcessMemory или WriteProcessMemory был выполнен только частично. (0x12B)
[0918/130221:WARNING:pe_image_reader.cc(281)] could not read dos header from C:\Windows\syswow64\WINTRUST.dll
[0918/130221:ERROR:process_reader_win.cc(233)] ReadMemory at 0x74450000 of 64 bytes failed: Запрос ReadProcessMemory или WriteProcessMemory был выполнен только частично. (0x12B)
[0918/130221:WARNING:pe_image_reader.cc(281)] could not read dos header from C:\Windows\system32\Secur32.dll
[0918/130221:ERROR:process_reader_win.cc(233)] ReadMemory at 0x613c0000 of 64 bytes failed: Запрос ReadProcessMemory или WriteProcessMemory был выполнен только частично. (0x12B)
[0918/130221:WARNING:pe_image_reader.cc(281)] could not read dos header from C:\Program Files (x86)\Google\Chrome\Application\53.0.2785.116\chrome_child.dll
[0918/130221:ERROR:process_reader_win.cc(233)] ReadMemory at 0x69670000 of 64 bytes failed: Запрос ReadProcessMemory или WriteProcessMemory был выполнен только частично. (0x12B)
[0918/130221:WARNING:pe_image_reader.cc(281)] could not read dos header from C:\Windows\system32\dwrite.dll
[0918/130221:ERROR:process_reader_win.cc(233)] ReadMemory at 0x3f3000 of 53248 bytes failed: Запрос ReadProcessMemory или WriteProcessMemory был выполнен только частично. (0x12B)
[0918/130221:ERROR:crash_report_exception_handler.cc(98)] WriteEverything failed
[0918/130221:ERROR:scoped_process_suspend.cc(38)] NtResumeProcess: Попытка доступа к процессу, выполняющему процедуру завершения.  (0xc000010a)
